<?xml version="1.0" encoding="UTF-8"?>
<!-- Generated by org.testng.reporters.JUnitXMLReporter -->
<testsuite hostname="SUBHASHA-PC" ignored="0" name="Default test" tests="10" failures="0" timestamp="31 Dec 2019 07:46:50 GMT" time="17.029" errors="0">
  <testcase name="verifyRegisterMemberlink" time="1.23" classname="com.jbk.qa.testcases.RegisterMemberPageTest"/>
  <testcase name="verifyHeading" time="0.014" classname="com.jbk.qa.testcases.RegisterMemberPageTest"/>
  <testcase name="verifyPlaceholderName" time="0.046" classname="com.jbk.qa.testcases.RegisterMemberPageTest"/>
  <testcase name="verifyPlaceholderMobile" time="0.02" classname="com.jbk.qa.testcases.RegisterMemberPageTest"/>
  <testcase name="verifyPlaceholderEmail" time="0.02" classname="com.jbk.qa.testcases.RegisterMemberPageTest"/>
  <testcase name="verifyPlaceholderPassword" time="0.02" classname="com.jbk.qa.testcases.RegisterMemberPageTest"/>
  <testcase name="verifyRegistermemberBlankinfo" time="0.469" classname="com.jbk.qa.testcases.RegisterMemberPageTest"/>
  <testcase name="verifyErrorMessageRegistermember" time="0.312" classname="com.jbk.qa.testcases.RegisterMemberPageTest"/>
  <testcase name="verifyRegisterMemberValidinfo" time="13.579" classname="com.jbk.qa.testcases.RegisterMemberPageTest"/>
  <testcase name="verifyAlreadyMembershipLink" time="1.233" classname="com.jbk.qa.testcases.RegisterMemberPageTest"/>
</testsuite> <!-- Default test -->
