<?xml version="1.0" encoding="UTF-8"?>
<!-- Generated by org.testng.reporters.JUnitXMLReporter -->
<testsuite hostname="SUBHASHA-PC" ignored="0" name="Default test"
	tests="10" failures="0" timestamp="29 Dec 2019 12:16:41 GMT" time="17.579"
	errors="0">
	<testcase name="verifyRegisterMemberlink" time="1.35"
		classname="com.jbk.qa.testcases.RegisterMemberPageTest" />
	<testcase name="verifyHeading" time="0.007"
		classname="com.jbk.qa.testcases.RegisterMemberPageTest" />
	<testcase name="verifyPlaceholderName" time="0.035"
		classname="com.jbk.qa.testcases.RegisterMemberPageTest" />
	<testcase name="verifyPlaceholderMobile" time="0.024"
		classname="com.jbk.qa.testcases.RegisterMemberPageTest" />
	<testcase name="verifyPlaceholderEmail" time="0.022"
		classname="com.jbk.qa.testcases.RegisterMemberPageTest" />
	<testcase name="verifyPlaceholderPassword" time="0.019"
		classname="com.jbk.qa.testcases.RegisterMemberPageTest" />
	<testcase name="verifyRegistermemberBlankinfo" time="0.475"
		classname="com.jbk.qa.testcases.RegisterMemberPageTest" />
	<testcase name="verifyErrorMessageRegistermember" time="0.291"
		classname="com.jbk.qa.testcases.RegisterMemberPageTest" />
	<testcase name="verifyRegisterMemberValidinfo" time="14.028"
		classname="com.jbk.qa.testcases.RegisterMemberPageTest" />
	<testcase name="verifyAlreadyMembershipLink" time="1.245"
		classname="com.jbk.qa.testcases.RegisterMemberPageTest" />
</testsuite> <!-- Default test -->
