<?xml version="1.0" encoding="UTF-8"?>
<!-- Generated by org.testng.reporters.JUnitXMLReporter -->
<testsuite hostname="SUBHASHA-PC" ignored="8" name="Test" tests="15" failures="3" timestamp="29 Dec 2019 20:59:19 GMT" time="51.832" errors="0">
  <testcase name="verifyUrl" time="0.11" classname="com.jbk.qa.testcases.LoginPageTest"/>
  <testcase name="verifyUserLink" time="10.21" classname="com.jbk.qa.testcases.DashboardLinksPageTest">
    <failure type="java.lang.AssertionError" message="expected [9] but found [5]">
      <![CDATA[java.lang.AssertionError: expected [9] but found [5]
	at com.jbk.qa.testcases.DashboardLinksPageTest.verifyUserLink(DashboardLinksPageTest.java:22)
... Removed 31 stack frames]]>
    </failure>
  </testcase> <!-- verifyUserLink -->
  <testcase name="verifyApplicationTitle" time="0.015" classname="com.jbk.qa.testcases.LoginPageTest"/>
  <testcase name="verifyOperatorslink" time="10.019" classname="com.jbk.qa.testcases.DashboardLinksPageTest"/>
  <testcase name="verifyTitle" time="0.051" classname="com.jbk.qa.testcases.LoginPageTest"/>
  <testcase name="verifyUsefulLink" time="10.03" classname="com.jbk.qa.testcases.DashboardLinksPageTest">
    <failure type="org.openqa.selenium.NoSuchElementException" message="Unable to locate element: //ul[@class=&amp;apos;sidebar-menu&amp;apos;]//*[.=&amp;apos;     Useful Links&amp;apos;]
For documentation on this error, please visit: http://seleniumhq.org/exceptions/no_such_element.html
Build info: version: &amp;apos;3.9.1&amp;apos;, revision: &amp;apos;63f7b50&amp;apos;, time: &amp;apos;2018-02-07T22:25:02.294Z&amp;apos;
System info: host: &amp;apos;SUBHASHA-PC&amp;apos;, ip: &amp;apos;192.168.1.203&amp;apos;, os.name: &amp;apos;Windows 10&amp;apos;, os.arch: &amp;apos;amd64&amp;apos;, os.version: &amp;apos;10.0&amp;apos;, java.version: &amp;apos;1.8.0_212&amp;apos;
Driver info: org.openqa.selenium.firefox.FirefoxDriver
Capabilities {acceptInsecureCerts: true, browserName: firefox, browserVersion: 71.0, javascriptEnabled: true, moz:accessibilityChecks: false, moz:buildID: 20191202093317, moz:geckodriverVersion: 0.26.0, moz:headless: false, moz:processID: 1776, moz:profile: C:\Users\Subhash\AppData\Lo..., moz:shutdownTimeout: 60000, moz:useNonSpecCompliantPointerOrigin: false, moz:webdriverClick: true, pageLoadStrategy: normal, platform: WINDOWS, platformName: WINDOWS, platformVersion: 10.0, rotatable: false, setWindowRect: true, strictFileInteractability: false, timeouts: {implicit: 0, pageLoad: 300000, script: 30000}, unhandledPromptBehavior: dismiss and notify}
Session ID: 432a13bd-b0a7-481b-b64e-634bf7982b68
*** Element info: {Using=xpath, value=//ul[@class=&amp;apos;sidebar-menu&amp;apos;]//*[.=&amp;apos;     Useful Links&amp;apos;]}">
      <![CDATA[org.openqa.selenium.NoSuchElementException: Unable to locate element: //ul[@class='sidebar-menu']//*[.='     Useful Links']
For documentation on this error, please visit: http://seleniumhq.org/exceptions/no_such_element.html
Build info: version: '3.9.1', revision: '63f7b50', time: '2018-02-07T22:25:02.294Z'
System info: host: 'SUBHASHA-PC', ip: '192.168.1.203', os.name: 'Windows 10', os.arch: 'amd64', os.version: '10.0', java.version: '1.8.0_212'
Driver info: org.openqa.selenium.firefox.FirefoxDriver
Capabilities {acceptInsecureCerts: true, browserName: firefox, browserVersion: 71.0, javascriptEnabled: true, moz:accessibilityChecks: false, moz:buildID: 20191202093317, moz:geckodriverVersion: 0.26.0, moz:headless: false, moz:processID: 1776, moz:profile: C:\Users\Subhash\AppData\Lo..., moz:shutdownTimeout: 60000, moz:useNonSpecCompliantPointerOrigin: false, moz:webdriverClick: true, pageLoadStrategy: normal, platform: WINDOWS, platformName: WINDOWS, platformVersion: 10.0, rotatable: false, setWindowRect: true, strictFileInteractability: false, timeouts: {implicit: 0, pageLoad: 300000, script: 30000}, unhandledPromptBehavior: dismiss and notify}
Session ID: 432a13bd-b0a7-481b-b64e-634bf7982b68
*** Element info: {Using=xpath, value=//ul[@class='sidebar-menu']//*[.='     Useful Links']}
	at org.openqa.selenium.remote.http.W3CHttpResponseCodec.createException(W3CHttpResponseCodec.java:187)
	at org.openqa.selenium.remote.http.W3CHttpResponseCodec.decode(W3CHttpResponseCodec.java:122)
	at org.openqa.selenium.remote.http.W3CHttpResponseCodec.decode(W3CHttpResponseCodec.java:49)
	at org.openqa.selenium.remote.HttpCommandExecutor.execute(HttpCommandExecutor.java:160)
	at org.openqa.selenium.remote.service.DriverCommandExecutor.execute(DriverCommandExecutor.java:83)
	at org.openqa.selenium.remote.RemoteWebDriver.execute(RemoteWebDriver.java:601)
	at org.openqa.selenium.remote.RemoteWebDriver.findElement(RemoteWebDriver.java:371)
	at org.openqa.selenium.remote.RemoteWebDriver.findElementByXPath(RemoteWebDriver.java:473)
	at org.openqa.selenium.By$ByXPath.findElement(By.java:361)
	at org.openqa.selenium.remote.RemoteWebDriver.findElement(RemoteWebDriver.java:363)
	at com.jbk.qa.testcases.DashboardLinksPageTest.verifyUsefulLink(DashboardLinksPageTest.java:42)
... Removed 29 stack frames]]>
    </failure>
  </testcase> <!-- verifyUsefulLink -->
  <testcase name="verifyloginsesion" time="0.024" classname="com.jbk.qa.testcases.LoginPageTest"/>
  <testcase name="verifyDownloadLink" time="10.014" classname="com.jbk.qa.testcases.DashboardLinksPageTest">
    <failure type="org.openqa.selenium.NoSuchElementException" message="Unable to locate element: //ul[@class=&amp;apos;sidebar-menu&amp;apos;]//*[.=&amp;apos;Downloads&amp;apos;]
For documentation on this error, please visit: http://seleniumhq.org/exceptions/no_such_element.html
Build info: version: &amp;apos;3.9.1&amp;apos;, revision: &amp;apos;63f7b50&amp;apos;, time: &amp;apos;2018-02-07T22:25:02.294Z&amp;apos;
System info: host: &amp;apos;SUBHASHA-PC&amp;apos;, ip: &amp;apos;192.168.1.203&amp;apos;, os.name: &amp;apos;Windows 10&amp;apos;, os.arch: &amp;apos;amd64&amp;apos;, os.version: &amp;apos;10.0&amp;apos;, java.version: &amp;apos;1.8.0_212&amp;apos;
Driver info: org.openqa.selenium.firefox.FirefoxDriver
Capabilities {acceptInsecureCerts: true, browserName: firefox, browserVersion: 71.0, javascriptEnabled: true, moz:accessibilityChecks: false, moz:buildID: 20191202093317, moz:geckodriverVersion: 0.26.0, moz:headless: false, moz:processID: 1776, moz:profile: C:\Users\Subhash\AppData\Lo..., moz:shutdownTimeout: 60000, moz:useNonSpecCompliantPointerOrigin: false, moz:webdriverClick: true, pageLoadStrategy: normal, platform: WINDOWS, platformName: WINDOWS, platformVersion: 10.0, rotatable: false, setWindowRect: true, strictFileInteractability: false, timeouts: {implicit: 0, pageLoad: 300000, script: 30000}, unhandledPromptBehavior: dismiss and notify}
Session ID: 432a13bd-b0a7-481b-b64e-634bf7982b68
*** Element info: {Using=xpath, value=//ul[@class=&amp;apos;sidebar-menu&amp;apos;]//*[.=&amp;apos;Downloads&amp;apos;]}">
      <![CDATA[org.openqa.selenium.NoSuchElementException: Unable to locate element: //ul[@class='sidebar-menu']//*[.='Downloads']
For documentation on this error, please visit: http://seleniumhq.org/exceptions/no_such_element.html
Build info: version: '3.9.1', revision: '63f7b50', time: '2018-02-07T22:25:02.294Z'
System info: host: 'SUBHASHA-PC', ip: '192.168.1.203', os.name: 'Windows 10', os.arch: 'amd64', os.version: '10.0', java.version: '1.8.0_212'
Driver info: org.openqa.selenium.firefox.FirefoxDriver
Capabilities {acceptInsecureCerts: true, browserName: firefox, browserVersion: 71.0, javascriptEnabled: true, moz:accessibilityChecks: false, moz:buildID: 20191202093317, moz:geckodriverVersion: 0.26.0, moz:headless: false, moz:processID: 1776, moz:profile: C:\Users\Subhash\AppData\Lo..., moz:shutdownTimeout: 60000, moz:useNonSpecCompliantPointerOrigin: false, moz:webdriverClick: true, pageLoadStrategy: normal, platform: WINDOWS, platformName: WINDOWS, platformVersion: 10.0, rotatable: false, setWindowRect: true, strictFileInteractability: false, timeouts: {implicit: 0, pageLoad: 300000, script: 30000}, unhandledPromptBehavior: dismiss and notify}
Session ID: 432a13bd-b0a7-481b-b64e-634bf7982b68
*** Element info: {Using=xpath, value=//ul[@class='sidebar-menu']//*[.='Downloads']}
	at org.openqa.selenium.remote.http.W3CHttpResponseCodec.createException(W3CHttpResponseCodec.java:187)
	at org.openqa.selenium.remote.http.W3CHttpResponseCodec.decode(W3CHttpResponseCodec.java:122)
	at org.openqa.selenium.remote.http.W3CHttpResponseCodec.decode(W3CHttpResponseCodec.java:49)
	at org.openqa.selenium.remote.HttpCommandExecutor.execute(HttpCommandExecutor.java:160)
	at org.openqa.selenium.remote.service.DriverCommandExecutor.execute(DriverCommandExecutor.java:83)
	at org.openqa.selenium.remote.RemoteWebDriver.execute(RemoteWebDriver.java:601)
	at org.openqa.selenium.remote.RemoteWebDriver.findElement(RemoteWebDriver.java:371)
	at org.openqa.selenium.remote.RemoteWebDriver.findElementByXPath(RemoteWebDriver.java:473)
	at org.openqa.selenium.By$ByXPath.findElement(By.java:361)
	at org.openqa.selenium.remote.RemoteWebDriver.findElement(RemoteWebDriver.java:363)
	at com.jbk.qa.testcases.DashboardLinksPageTest.verifyDownloadLink(DashboardLinksPageTest.java:52)
... Removed 29 stack frames]]>
    </failure>
  </testcase> <!-- verifyDownloadLink -->
  <testcase name="verifyPlaceHolderUsername" time="0.682" classname="com.jbk.qa.testcases.LoginPageTest"/>
  <testcase name="verifyPlaceHolderPassword" time="0.064" classname="com.jbk.qa.testcases.LoginPageTest"/>
  <testcase name="verifyButtoncolor" time="0.68" classname="com.jbk.qa.testcases.LoginPageTest"/>
  <testcase name="verifyLinks" time="0.047" classname="com.jbk.qa.testcases.LoginPageTest"/>
  <testcase name="Login" time="4.687" classname="com.jbk.qa.testcases.LoginPageTest"/>
  <testcase name="Login" time="1.534" classname="com.jbk.qa.testcases.LoginPageTest"/>
  <testcase name="Login" time="3.313" classname="com.jbk.qa.testcases.LoginPageTest"/>
  <testcase name="@AfterSuite tearDown" time="0.0" classname="com.jbk.qa.base.TestBase">
    <ignored/>
  </testcase> <!-- @AfterSuite tearDown -->
  <testcase name="@AfterSuite tearDown" time="0.0" classname="com.jbk.qa.base.TestBase">
    <ignored/>
  </testcase> <!-- @AfterSuite tearDown -->
  <testcase name="@BeforeSuite setup_Browser" time="0.0" classname="com.jbk.qa.base.TestBase">
    <ignored/>
  </testcase> <!-- @BeforeSuite setup_Browser -->
  <testcase name="@BeforeSuite setup_Browser" time="0.0" classname="com.jbk.qa.base.TestBase">
    <ignored/>
  </testcase> <!-- @BeforeSuite setup_Browser -->
  <testcase name="@BeforeSuite setUp" time="0.0" classname="com.jbk.qa.base.TestBase">
    <ignored/>
  </testcase> <!-- @BeforeSuite setUp -->
  <testcase name="@BeforeSuite setUp" time="0.0" classname="com.jbk.qa.base.TestBase">
    <ignored/>
  </testcase> <!-- @BeforeSuite setUp -->
  <testcase name="@AfterSuite CloseApplication" time="0.0" classname="com.jbk.qa.base.TestBase">
    <ignored/>
  </testcase> <!-- @AfterSuite CloseApplication -->
  <testcase name="@AfterSuite CloseApplication" time="0.0" classname="com.jbk.qa.base.TestBase">
    <ignored/>
  </testcase> <!-- @AfterSuite CloseApplication -->
</testsuite> <!-- Test -->
